#
# There is insufficient memory for the Java Runtime Environment to continue.
# Native memory allocation (malloc) failed to allocate 1048576 bytes for AllocateHeap
# Possible reasons:
#   The system is out of physical RAM or swap space
#   The process is running with CompressedOops enabled, and the Java Heap may be blocking the growth of the native heap
# Possible solutions:
#   Reduce memory load on the system
#   Increase physical memory or swap space
#   Check if swap backing store is full
#   Decrease Java heap size (-Xmx/-Xms)
#   Decrease number of Java threads
#   Decrease Java thread stack sizes (-Xss)
#   Set larger code cache with -XX:ReservedCodeCacheSize=
#   JVM is running with Unscaled Compressed Oops mode in which the Java heap is
#     placed in the first 4GB address space. The Java Heap base address is the
#     maximum limit for the native heap growth. Please use -XX:HeapBaseMinAddress
#     to set the Java Heap base and to place the Java Heap above 4GB virtual address.
# This output file may be truncated or incomplete.
#
#  Out of Memory Error (./src/hotspot/share/memory/allocation.cpp:46), pid=1320, tid=11104
#
# JRE version:  (11.0.10) (build )
# Java VM: OpenJDK 64-Bit Server VM (11.0.10+0-b96-7249189, mixed mode, sharing, tiered, compressed oops, g1 gc, windows-amd64)
# No core dump will be written. Minidumps are not enabled by default on client versions of Windows
#

---------------  S U M M A R Y ------------

Command Line: 

Host: Intel(R) Core(TM) i5-8257U CPU @ 1.40GHz, 8 cores, 7G,  Windows 10 , 64 bit Build 19041 (10.0.19041.1645)
Time: Thu May 12 11:05:00 2022 SE Asia Standard Time elapsed time: 0.008812 seconds (0d 0h 0m 0s)

---------------  T H R E A D  ---------------

Current thread (0x00000267f4a2a000):  JavaThread "Unknown thread" [_thread_in_vm, id=11104, stack(0x0000009961b00000,0x0000009961c00000)]

Stack: [0x0000009961b00000,0x0000009961c00000]
Native frames: (J=compiled Java code, j=interpreted, Vv=VM code, C=native code)
V  [jvm.dll+0x5ecfaa]
V  [jvm.dll+0x722bd5]
V  [jvm.dll+0x72412d]
V  [jvm.dll+0x7247e3]
V  [jvm.dll+0x242928]
V  [jvm.dll+0xb39a4]
V  [jvm.dll+0x2d49f8]
V  [jvm.dll+0x701727]
V  [jvm.dll+0x702f2c]
V  [jvm.dll+0x3587d9]
V  [jvm.dll+0x6e4fae]
V  [jvm.dll+0x3c0be3]
V  [jvm.dll+0x3c2e91]
C  [jli.dll+0x5373]
C  [ucrtbase.dll+0x21bb2]
C  [KERNEL32.DLL+0x17034]
C  [ntdll.dll+0x52651]


---------------  P R O C E S S  ---------------

Threads class SMR info:
_java_thread_list=0x00000267f2f0f9e0, length=0, elements={
}

Java Threads: ( => current thread )

Other Threads:

=>0x00000267f4a2a000 (exited) JavaThread "Unknown thread" [_thread_in_vm, id=11104, stack(0x0000009961b00000,0x0000009961c00000)]

Threads with active compile tasks:

VM state:not at safepoint (not fully initialized)

VM Mutex/Monitor currently owned by a thread: None


[error occurred during error reporting (printing compressed oops mode), id 0xc0000005, EXCEPTION_ACCESS_VIOLATION (0xc0000005) at pc=0x00007ff81e1f2577]

GC Heap History (0 events):
No events

Deoptimization events (0 events):
No events

Classes redefined (0 events):
No events

Internal exceptions (0 events):
No events

Events (1 events):
Event: 0.006 Loaded shared library C:\Program Files\Android\Android Studio\jre\bin\zip.dll


Dynamic libraries:
0x00007ff7dd560000 - 0x00007ff7dd56a000 	C:\Program Files\Android\Android Studio\jre\bin\java.EXE
0x00007ff88a030000 - 0x00007ff88a225000 	C:\Windows\SYSTEM32\ntdll.dll
0x00007ff889f30000 - 0x00007ff889fee000 	C:\Windows\System32\KERNEL32.DLL
0x00007ff887be0000 - 0x00007ff887ea8000 	C:\Windows\System32\KERNELBASE.dll
0x00007ff887ab0000 - 0x00007ff887bb0000 	C:\Windows\System32\ucrtbase.dll
0x00007ff849cc0000 - 0x00007ff849cd9000 	C:\Program Files\Android\Android Studio\jre\bin\jli.dll
0x00007ff85f230000 - 0x00007ff85f247000 	C:\Program Files\Android\Android Studio\jre\bin\VCRUNTIME140.dll
0x00007ff888b20000 - 0x00007ff888cc0000 	C:\Windows\System32\USER32.dll
0x00007ff887bb0000 - 0x00007ff887bd2000 	C:\Windows\System32\win32u.dll
0x00007ff873d40000 - 0x00007ff873fda000 	C:\Windows\WinSxS\amd64_microsoft.windows.common-controls_6595b64144ccf1df_6.0.19041.1110_none_60b5254171f9507e\COMCTL32.dll
0x00007ff889240000 - 0x00007ff88926a000 	C:\Windows\System32\GDI32.dll
0x00007ff888a80000 - 0x00007ff888b1e000 	C:\Windows\System32\msvcrt.dll
0x00007ff8879a0000 - 0x00007ff887aab000 	C:\Windows\System32\gdi32full.dll
0x00007ff887f60000 - 0x00007ff887ffd000 	C:\Windows\System32\msvcp_win.dll
0x00007ff888df0000 - 0x00007ff888e20000 	C:\Windows\System32\IMM32.DLL
0x00007ff835e30000 - 0x00007ff835ecd000 	C:\Program Files\Android\Android Studio\jre\bin\msvcp140.dll
0x00007ff81daf0000 - 0x00007ff81e5bf000 	C:\Program Files\Android\Android Studio\jre\bin\server\jvm.dll
0x00007ff888e20000 - 0x00007ff888ece000 	C:\Windows\System32\ADVAPI32.dll
0x00007ff888720000 - 0x00007ff8887bc000 	C:\Windows\System32\sechost.dll
0x00007ff888cc0000 - 0x00007ff888de5000 	C:\Windows\System32\RPCRT4.dll
0x00007ff8882a0000 - 0x00007ff8882a8000 	C:\Windows\System32\PSAPI.DLL
0x00007ff8807f0000 - 0x00007ff8807fa000 	C:\Windows\SYSTEM32\VERSION.dll
0x00007ff8705f0000 - 0x00007ff8705f9000 	C:\Windows\SYSTEM32\WSOCK32.dll
0x00007ff870800000 - 0x00007ff870827000 	C:\Windows\SYSTEM32\WINMM.dll
0x00007ff8893a0000 - 0x00007ff88940b000 	C:\Windows\System32\WS2_32.dll
0x00007ff885ff0000 - 0x00007ff886002000 	C:\Windows\SYSTEM32\kernel.appcore.dll
0x00007ff849ca0000 - 0x00007ff849cb1000 	C:\Program Files\Android\Android Studio\jre\bin\verify.dll
0x00007ff885c90000 - 0x00007ff885e74000 	C:\Windows\SYSTEM32\DBGHELP.DLL
0x00007ff8707a0000 - 0x00007ff8707cc000 	C:\Windows\SYSTEM32\dbgcore.DLL
0x00007ff888000000 - 0x00007ff888082000 	C:\Windows\System32\bcryptPrimitives.dll
0x00007ff837df0000 - 0x00007ff837e19000 	C:\Program Files\Android\Android Studio\jre\bin\java.dll
0x00007ff865470000 - 0x00007ff86547b000 	C:\Program Files\Android\Android Studio\jre\bin\jimage.dll
0x00007ff849c80000 - 0x00007ff849c98000 	C:\Program Files\Android\Android Studio\jre\bin\zip.dll

dbghelp: loaded successfully - version: 4.0.5 - missing functions: none
symbol engine: initialized successfully - sym options: 0x614 - pdb path: .;C:\Program Files\Android\Android Studio\jre\bin;C:\Windows\SYSTEM32;C:\Windows\WinSxS\amd64_microsoft.windows.common-controls_6595b64144ccf1df_6.0.19041.1110_none_60b5254171f9507e;C:\Program Files\Android\Android Studio\jre\bin\server

VM Arguments:
java_command: <unknown>
java_class_path (initial): <not set>
Launcher Type: SUN_STANDARD

[Global flags]
     intx CICompilerCount                          = 4                                         {product} {ergonomic}
     uint G1ConcRefinementThreads                  = 8                                         {product} {ergonomic}
   size_t G1HeapRegionSize                         = 1048576                                   {product} {ergonomic}
    uintx GCDrainStackTargetSize                   = 64                                        {product} {ergonomic}
   size_t InitialHeapSize                          = 132120576                                 {product} {ergonomic}
   size_t MaxHeapSize                              = 2107637760                                {product} {ergonomic}
   size_t MinHeapDeltaBytes                        = 1048576                                   {product} {ergonomic}
    uintx NonNMethodCodeHeapSize                   = 5836300                                {pd product} {ergonomic}
    uintx NonProfiledCodeHeapSize                  = 122910970                              {pd product} {ergonomic}
    uintx ProfiledCodeHeapSize                     = 122910970                              {pd product} {ergonomic}
    uintx ReservedCodeCacheSize                    = 251658240                              {pd product} {ergonomic}
     bool SegmentedCodeCache                       = true                                      {product} {ergonomic}
     bool UseCompressedClassPointers               = true                                 {lp64_product} {ergonomic}
     bool UseCompressedOops                        = true                                 {lp64_product} {ergonomic}
     bool UseG1GC                                  = true                                      {product} {ergonomic}
     bool UseLargePagesIndividualAllocation        = false                                  {pd product} {ergonomic}

Logging:
Log output configuration:
 #0: stdout all=warning uptime,level,tags
 #1: stderr all=off uptime,level,tags

Environment Variables:
PATH=C:\Program Files (x86)\VMware\VMware Player\bin\;C:\Windows\system32;C:\Windows;C:\Windows\System32\Wbem;C:\Windows\System32\WindowsPowerShell\v1.0\;C:\Windows\System32\OpenSSH\;C:\Program Files\Git\cmd;C:\Program Files\Microsoft Network Monitor 3\;C:\Users\Chompoo\AppData\Local\Microsoft\WindowsApps;C:\Users\Chompoo\AppData\Local\Programs\Microsoft VS Code\bin;C:\src\flutter\bin;C:\Users\Chompoo\AppData\Local\Android\Sdk\tools;C:\Users\Chompoo\AppData\Local\Android\Sdk\tools\bin;C:\Users\Chompoo\AppData\Local\Android\Sdk\platform-tools;C:\Program Files (x86)\Nmap;C:\src\flutter\bin\mingit\cmd
USERNAME=Chompoo
OS=Windows_NT
PROCESSOR_IDENTIFIER=Intel64 Family 6 Model 142 Stepping 10, GenuineIntel



---------------  S Y S T E M  ---------------

OS: Windows 10 , 64 bit Build 19041 (10.0.19041.1645)
OS uptime: 0 days 2:05 hours

CPU:total 8 (initial active 8) (4 cores per cpu, 2 threads per core) family 6 model 142 stepping 10 microcode 0xea, cmov, cx8, fxsr, mmx, sse, sse2, sse3, ssse3, sse4.1, sse4.2, popcnt, avx, avx2, aes, clmul, erms, 3dnowpref, lzcnt, ht, tsc, tscinvbit, bmi1, bmi2, adx, fma

Memory: 4k page, system-wide physical 8038M (472M free)
TotalPageFile size 12045M (AvailPageFile size 5M)
current process WorkingSet (physical memory assigned to process): 9M, peak: 9M
current process commit charge ("private bytes"): 17M, peak: 18M

vm_info: OpenJDK 64-Bit Server VM (11.0.10+0-b96-7249189) for windows-amd64 JRE (11.0.10+0-b96-7249189), built on Mar 31 2021 21:44:00 by "builder" with MS VC++ 14.0 (VS2015)

END.
